Performing C SOURCE FILE Test CMAKE_HAVE_LIBC_PTHREAD failed with the following output:
Change Dir: /home/zx/workspace/KDQ_SLAMTutorial/手写VIO——深蓝学院课程/第二章/course2_hw_new/vio_ws/build/CMakeFiles/CMakeTmp

Run Build Command(s):/usr/bin/make cmTC_f1cbf/fast && /usr/bin/make -f CMakeFiles/cmTC_f1cbf.dir/build.make CMakeFiles/cmTC_f1cbf.dir/build
make[1]: Entering directory '/home/zx/workspace/KDQ_SLAMTutorial/手写VIO——深蓝学院课程/第二章/course2_hw_new/vio_ws/build/CMakeFiles/CMakeTmp'
Building C object CMakeFiles/cmTC_f1cbf.dir/src.c.o
/usr/bin/cc   -DCMAKE_HAVE_LIBC_PTHREAD   -o CMakeFiles/cmTC_f1cbf.dir/src.c.o   -c /home/zx/workspace/KDQ_SLAMTutorial/手写VIO——深蓝学院课程/第二章/course2_hw_new/vio_ws/build/CMakeFiles/CMakeTmp/src.c
Linking C executable cmTC_f1cbf
/usr/local/bin/cmake -E cmake_link_script CMakeFiles/cmTC_f1cbf.dir/link.txt --verbose=1
/usr/bin/cc  -DCMAKE_HAVE_LIBC_PTHREAD    -rdynamic CMakeFiles/cmTC_f1cbf.dir/src.c.o  -o cmTC_f1cbf 
CMakeFiles/cmTC_f1cbf.dir/src.c.o：在函数‘main’中：
src.c:(.text+0x3c)：对‘pthread_create’未定义的引用
src.c:(.text+0x48)：对‘pthread_detach’未定义的引用
src.c:(.text+0x59)：对‘pthread_join’未定义的引用
src.c:(.text+0x6d)：对‘pthread_atfork’未定义的引用
collect2: error: ld returned 1 exit status
CMakeFiles/cmTC_f1cbf.dir/build.make:86: recipe for target 'cmTC_f1cbf' failed
make[1]: *** [cmTC_f1cbf] Error 1
make[1]: Leaving directory '/home/zx/workspace/KDQ_SLAMTutorial/手写VIO——深蓝学院课程/第二章/course2_hw_new/vio_ws/build/CMakeFiles/CMakeTmp'
Makefile:121: recipe for target 'cmTC_f1cbf/fast' failed
make: *** [cmTC_f1cbf/fast] Error 2


Source file was:
#include <pthread.h>

void* test_func(void* data)
{
  return data;
}

int main(void)
{
  pthread_t thread;
  pthread_create(&thread, NULL, test_func, NULL);
  pthread_detach(thread);
  pthread_join(thread, NULL);
  pthread_atfork(NULL, NULL, NULL);
  pthread_exit(NULL);

  return 0;
}

Determining if the function pthread_create exists in the pthreads failed with the following output:
Change Dir: /home/zx/workspace/KDQ_SLAMTutorial/手写VIO——深蓝学院课程/第二章/course2_hw_new/vio_ws/build/CMakeFiles/CMakeTmp

Run Build Command(s):/usr/bin/make cmTC_adb1c/fast && /usr/bin/make -f CMakeFiles/cmTC_adb1c.dir/build.make CMakeFiles/cmTC_adb1c.dir/build
make[1]: Entering directory '/home/zx/workspace/KDQ_SLAMTutorial/手写VIO——深蓝学院课程/第二章/course2_hw_new/vio_ws/build/CMakeFiles/CMakeTmp'
Building C object CMakeFiles/cmTC_adb1c.dir/CheckFunctionExists.c.o
/usr/bin/cc   -DCHECK_FUNCTION_EXISTS=pthread_create   -o CMakeFiles/cmTC_adb1c.dir/CheckFunctionExists.c.o   -c /usr/local/share/cmake-3.15/Modules/CheckFunctionExists.c
Linking C executable cmTC_adb1c
/usr/local/bin/cmake -E cmake_link_script CMakeFiles/cmTC_adb1c.dir/link.txt --verbose=1
/usr/bin/cc  -DCHECK_FUNCTION_EXISTS=pthread_create    -rdynamic CMakeFiles/cmTC_adb1c.dir/CheckFunctionExists.c.o  -o cmTC_adb1c -lpthreads 
/usr/bin/ld: 找不到 -lpthreads
collect2: error: ld returned 1 exit status
CMakeFiles/cmTC_adb1c.dir/build.make:86: recipe for target 'cmTC_adb1c' failed
make[1]: *** [cmTC_adb1c] Error 1
make[1]: Leaving directory '/home/zx/workspace/KDQ_SLAMTutorial/手写VIO——深蓝学院课程/第二章/course2_hw_new/vio_ws/build/CMakeFiles/CMakeTmp'
Makefile:121: recipe for target 'cmTC_adb1c/fast' failed
make: *** [cmTC_adb1c/fast] Error 2



